0 info it worked if it ends with ok
1 verbose cli [ '/home/youssef/.nvm/versions/node/v6.9.1/bin/node',
1 verbose cli   '/home/youssef/.nvm/versions/node/v6.9.1/bin/npm',
1 verbose cli   'publish' ]
2 info using npm@3.10.8
3 info using node@v6.9.1
4 verbose publish [ '.' ]
5 silly cache add args [ '.', null ]
6 verbose cache add spec .
7 silly cache add parsed spec Result {
7 silly cache add   raw: '.',
7 silly cache add   scope: null,
7 silly cache add   escapedName: null,
7 silly cache add   name: null,
7 silly cache add   rawSpec: '.',
7 silly cache add   spec: '/home/youssef/Desktop/wit-messenger-bot',
7 silly cache add   type: 'directory' }
8 verbose addLocalDirectory /home/youssef/.npm/wit-messenger-bot/1.0.1/package.tgz not in flight; packing
9 verbose correctMkdir /home/youssef/.npm correctMkdir not in flight; initializing
10 info lifecycle wit-messenger-bot@1.0.1~prepublish: wit-messenger-bot@1.0.1
11 silly lifecycle wit-messenger-bot@1.0.1~prepublish: no script for prepublish, continuing
12 verbose tar pack [ '/home/youssef/.npm/wit-messenger-bot/1.0.1/package.tgz',
12 verbose tar pack   '/home/youssef/Desktop/wit-messenger-bot' ]
13 verbose tarball /home/youssef/.npm/wit-messenger-bot/1.0.1/package.tgz
14 verbose folder /home/youssef/Desktop/wit-messenger-bot
15 error tar pack Error reading /home/youssef/Desktop/wit-messenger-bot
16 error addLocalDirectory Could not pack /home/youssef/Desktop/wit-messenger-bot to /home/youssef/.npm/wit-messenger-bot/1.0.1/package.tgz
17 error addLocal Could not install /home/youssef/Desktop/wit-messenger-bot
18 verbose fstream_path /home/youssef/Desktop/package/example/default.realm.note
19 verbose fstream_unc_path /home/youssef/Desktop/wit-messenger-bot/example/default.realm.note
20 verbose fstream_type FIFO
21 verbose fstream_class Reader
22 verbose stack Error: Cannot read unknown type: FIFO
22 verbose stack     at decorate (/home/youssef/.nvm/versions/node/v6.9.1/lib/node_modules/npm/node_modules/fstream/lib/abstract.js:67:36)
22 verbose stack     at Reader.Abstract.error (/home/youssef/.nvm/versions/node/v6.9.1/lib/node_modules/npm/node_modules/fstream/lib/abstract.js:61:12)
22 verbose stack     at Reader._read (/home/youssef/.nvm/versions/node/v6.9.1/lib/node_modules/npm/node_modules/fstream/lib/reader.js:254:8)
22 verbose stack     at Reader.resume (/home/youssef/.nvm/versions/node/v6.9.1/lib/node_modules/npm/node_modules/fstream/lib/reader.js:250:8)
22 verbose stack     at InstancePacker.DirReader.resume (/home/youssef/.nvm/versions/node/v6.9.1/lib/node_modules/npm/node_modules/fstream/lib/dir-reader.js:245:55)
22 verbose stack     at Reader.<anonymous> (/home/youssef/.nvm/versions/node/v6.9.1/lib/node_modules/npm/node_modules/fstream/lib/dir-reader.js:126:14)
22 verbose stack     at emitOne (events.js:96:13)
22 verbose stack     at Reader.emit (events.js:188:7)
22 verbose stack     at Reader.resume (/home/youssef/.nvm/versions/node/v6.9.1/lib/node_modules/npm/node_modules/fstream/lib/reader.js:248:8)
22 verbose stack     at EntryWriter.ondrain (stream.js:41:14)
23 verbose fstream_stack Reader._read (/home/youssef/.nvm/versions/node/v6.9.1/lib/node_modules/npm/node_modules/fstream/lib/reader.js:254:8)
23 verbose fstream_stack Reader.resume (/home/youssef/.nvm/versions/node/v6.9.1/lib/node_modules/npm/node_modules/fstream/lib/reader.js:250:8)
23 verbose fstream_stack InstancePacker.DirReader.resume (/home/youssef/.nvm/versions/node/v6.9.1/lib/node_modules/npm/node_modules/fstream/lib/dir-reader.js:245:55)
23 verbose fstream_stack Reader.<anonymous> (/home/youssef/.nvm/versions/node/v6.9.1/lib/node_modules/npm/node_modules/fstream/lib/dir-reader.js:126:14)
23 verbose fstream_stack emitOne (events.js:96:13)
23 verbose fstream_stack Reader.emit (events.js:188:7)
23 verbose fstream_stack Reader.resume (/home/youssef/.nvm/versions/node/v6.9.1/lib/node_modules/npm/node_modules/fstream/lib/reader.js:248:8)
23 verbose fstream_stack EntryWriter.ondrain (stream.js:41:14)
24 verbose cwd /home/youssef/Desktop/wit-messenger-bot
25 error Linux 4.2.0-16-generic
26 error argv "/home/youssef/.nvm/versions/node/v6.9.1/bin/node" "/home/youssef/.nvm/versions/node/v6.9.1/bin/npm" "publish"
27 error node v6.9.1
28 error npm  v3.10.8
29 error path /home/youssef/Desktop/package/example/default.realm.note
30 error Cannot read unknown type: FIFO
31 error If you need help, you may report this error at:
31 error     <https://github.com/npm/npm/issues>
32 verbose exit [ 1, true ]
